{
  "task_id": "TSP-APPROVAL-001",
  "project_id": "TSP-APPROVAL-001",
  "files": [
    {
      "file_path": "src/sum_numbers.py",
      "content": "\"\"\"\nCore module implementing the sum_numbers function.\n\nThis module provides a simple arithmetic function that adds two integers together.\nIt includes comprehensive type hints, detailed documentation, and robust edge case\nhandling for None values and type mismatches.\n\nComponent IDs:\n- SumNumbersFunction (SU-001)\n- SumNumbersAdditionLogic (SU-002)\n- SumNumbersDocumentation (SU-003)\n- SumNumbersEdgeCaseHandler (SU-004)\n\nTask ID: TSP-APPROVAL-001\n\"\"\"\n\n\ndef sum_numbers(a: int, b: int) -> int:\n    \"\"\"\n    Add two integers together and return the result.\n\n    This function takes two integer parameters and computes their sum using\n    Python's built-in addition operator. It includes comprehensive validation\n    to ensure both parameters are valid integers and handles edge cases such\n    as None values, type mismatches, and boolean inputs.\n\n    Args:\n        a (int): The first integer to be added. Must be a valid integer type.\n        b (int): The second integer to be added. Must be a valid integer type.\n\n    Returns:\n        int: The sum of the two input integers (a + b).\n\n    Raises:\n        TypeError: If either parameter is None, not an integer, or is a boolean.\n        ValueError: If an unexpected error occurs during computation.\n\n    Examples:\n        >>> sum_numbers(2, 3)\n        5\n\n        >>> sum_numbers(-2, 3)\n        1\n\n        >>> sum_numbers(-2, -3)\n        -5\n\n        >>> sum_numbers(0, 0)\n        0\n\n        >>> sum_numbers(0, 5)\n        5\n\n        >>> sum_numbers(100, 200)\n        300\n\n        >>> sum_numbers(-100, -200)\n        -300\n\n        >>> sum_numbers(10**100, 10**100)\n        20000000000000000000000000000000000000000000000000000000000000000000000000000000000000000000000000000\n    \"\"\"\n    # Validate that parameter 'a' is not None\n    if a is None:\n        raise TypeError(\"Parameter 'a' cannot be None\")\n\n    # Validate that parameter 'b' is not None\n    if b is None:\n        raise TypeError(\"Parameter 'b' cannot be None\")\n\n    # Explicitly reject boolean values since bool is a subclass of int in Python\n    # This ensures that True/False are not silently converted to 1/0\n    if isinstance(a, bool):\n        raise TypeError(\n            f\"Parameter 'a' must be an integer, got {type(a).__name__}\"\n        )\n\n    if isinstance(b, bool):\n        raise TypeError(\n            f\"Parameter 'b' must be an integer, got {type(b).__name__}\"\n        )\n\n    # Validate that parameter 'a' is an integer\n    if not isinstance(a, int):\n        raise TypeError(\n            f\"Parameter 'a' must be an integer, got {type(a).__name__}\"\n        )\n\n    # Validate that parameter 'b' is an integer\n    if not isinstance(b, int):\n        raise TypeError(\n            f\"Parameter 'b' must be an integer, got {type(b).__name__}\"\n        )\n\n    try:\n        # Perform the addition operation using Python's built-in addition operator\n        # Python 3 handles arbitrary precision integers natively, so overflow\n        # is not a concern for standard or very large integer values\n        result = a + b\n        return result\n    except Exception as error:\n        # Catch any unexpected errors and re-raise as ValueError with context\n        raise ValueError(\n            f\"An unexpected error occurred during addition: {str(error)}\"\n        ) from error",
      "file_type": "source",
      "semantic_unit_id": "SU-001,SU-002,SU-003,SU-004",
      "component_id": "SumNumbersFunction,SumNumbersAdditionLogic,SumNumbersDocumentation,SumNumbersEdgeCaseHandler",
      "description": "Core module implementing the sum_numbers function with type hints, comprehensive docstring documentation, edge case handling for None values and type mismatches, and core addition logic using Python's built-in addition operator."
    },
    {
      "file_path": "tests/test_sum_numbers.py",
      "content": "\"\"\"\nComprehensive unit tests for the sum_numbers function.\n\nTests cover basic arithmetic operations, edge cases (None values, type mismatches,\nboolean rejection), overflow scenarios with large integers, and validation of correct\nresults across positive, negative, and zero values.\n\nSemantic Unit IDs: SU-001, SU-002, SU-003, SU-004\nComponent IDs: SumNumbersFunction, SumNumbersAdditionLogic, SumNumbersDocumentation,\nSumNumbersEdgeCaseHandler\n\nAuthor: ASP Code Agent\n\"\"\"\n\nimport pytest\nfrom src.sum_numbers import sum_numbers\n\n\nclass TestSumNumbersBasicArithmetic:\n    \"\"\"Test basic arithmetic operations of sum_numbers function.\"\"\"\n\n    def test_sum_two_positive_integers(self) -> None:\n        \"\"\"Test sum_numbers with two positive integers returns correct result.\"\"\"\n        result = sum_numbers(2, 3)\n        assert result == 5\n        assert isinstance(result, int)\n\n    def test_sum_positive_and_negative_integers(self) -> None:\n        \"\"\"Test sum_numbers with positive and negative integers.\"\"\"\n        result = sum_numbers(5, -3)\n        assert result == 2\n        assert isinstance(result, int)\n\n    def test_sum_two_negative_integers(self) -> None:\n        \"\"\"Test sum_numbers with two negative integers returns correct result.\"\"\"\n        result = sum_numbers(-2, -3)\n        assert result == -5\n        assert isinstance(result, int)\n\n    def test_sum_with_zero_first_parameter(self) -> None:\n        \"\"\"Test sum_numbers with zero as first parameter.\"\"\"\n        result = sum_numbers(0, 5)\n        assert result == 5\n        assert isinstance(result, int)\n\n    def test_sum_with_zero_second_parameter(self) -> None:\n        \"\"\"Test sum_numbers with zero as second parameter.\"\"\"\n        result = sum_numbers(5, 0)\n        assert result == 5\n        assert isinstance(result, int)\n\n    def test_sum_two_zeros(self) -> None:\n        \"\"\"Test sum_numbers with both parameters as zero.\"\"\"\n        result = sum_numbers(0, 0)\n        assert result == 0\n        assert isinstance(result, int)\n\n    def test_sum_negative_and_positive_integers(self) -> None:\n        \"\"\"Test sum_numbers with negative first and positive second parameter.\"\"\"\n        result = sum_numbers(-10, 7)\n        assert result == -3\n        assert isinstance(result, int)\n\n    def test_sum_large_positive_integers(self) -> None:\n        \"\"\"Test sum_numbers with large positive integers.\"\"\"\n        result = sum_numbers(1000000, 2000000)\n        assert result == 3000000\n        assert isinstance(result, int)\n\n    def test_sum_large_negative_integers(self) -> None:\n        \"\"\"Test sum_numbers with large negative integers.\"\"\"\n        result = sum_numbers(-1000000, -2000000)\n        assert result == -3000000\n        assert isinstance(result, int)\n\n    def test_sum_commutative_property(self) -> None:\n        \"\"\"Test that sum_numbers satisfies commutative property (a + b = b + a).\"\"\"\n        result1 = sum_numbers(7, 3)\n        result2 = sum_numbers(3, 7)\n        assert result1 == result2\n        assert result1 == 10\n\n    def test_sum_associative_with_zero(self) -> None:\n        \"\"\"Test that adding zero returns the original number (identity property).\"\"\"\n        result = sum_numbers(42, 0)\n        assert result == 42\n\n\nclass TestSumNumbersNoneHandling:\n    \"\"\"Test None value handling in sum_numbers function.\"\"\"\n\n    def test_sum_with_none_as_first_parameter(self) -> None:\n        \"\"\"Test sum_numbers raises TypeError when first parameter is None.\"\"\"\n        with pytest.raises(TypeError) as exc_info:\n            sum_numbers(None, 5)  # type: ignore\n        assert \"Parameter a cannot be None\" in str(exc_info.value)\n\n    def test_sum_with_none_as_second_parameter(self) -> None:\n        \"\"\"Test sum_numbers raises TypeError when second parameter is None.\"\"\"\n        with pytest.raises(TypeError) as exc_info:\n            sum_numbers(5, None)  # type: ignore\n        assert \"Parameter b cannot be None\" in str(exc_info.value)\n\n    def test_sum_with_both_parameters_none(self) -> None:\n        \"\"\"Test sum_numbers raises TypeError when both parameters are None.\"\"\"\n        with pytest.raises(TypeError) as exc_info:\n            sum_numbers(None, None)  # type: ignore\n        assert \"Parameter a cannot be None\" in str(exc_info.value)\n\n    def test_none_error_message_includes_parameter_name(self) -> None:\n        \"\"\"Test that TypeError message includes the parameter name.\"\"\"\n        with pytest.raises(TypeError) as exc_info:\n            sum_numbers(None, 10)  # type: ignore\n        error_message = str(exc_info.value)\n        assert \"a\" in error_message\n        assert \"None\" in error_message\n\n\nclass TestSumNumbersTypeValidation:\n    \"\"\"Test type validation and type mismatch handling.\"\"\"\n\n    def test_sum_with_string_as_first_parameter(self) -> None:\n        \"\"\"Test sum_numbers raises TypeError when first parameter is string.\"\"\"\n        with pytest.raises(TypeError) as exc_info:\n            sum_numbers(\"5\", 3)  # type: ignore\n        assert \"Parameter a must be an integer\" in str(exc_info.value)\n        assert \"str\" in str(exc_info.value)\n\n    def test_sum_with_string_as_second_parameter(self) -> None:\n        \"\"\"Test sum_numbers raises TypeError when second parameter is string.\"\"\"\n        with pytest.raises(TypeError) as exc_info:\n            sum_numbers(5, \"3\")  # type: ignore\n        assert \"Parameter b must be an integer\" in str(exc_info.value)\n        assert \"str\" in str(exc_info.value)\n\n    def test_sum_with_float_as_first_parameter(self) -> None:\n        \"\"\"Test sum_numbers raises TypeError when first parameter is float.\"\"\"\n        with pytest.raises(TypeError) as exc_info:\n            sum_numbers(5.5, 3)  # type: ignore\n        assert \"Parameter a must be an integer\" in str(exc_info.value)\n        assert \"float\" in str(exc_info.value)\n\n    def test_sum_with_float_as_second_parameter(self) -> None:\n        \"\"\"Test sum_numbers raises TypeError when second parameter is float.\"\"\"\n        with pytest.raises(TypeError) as exc_info:\n            sum_numbers(5, 3.5)  # type: ignore\n        assert \"Parameter b must be an integer\" in str(exc_info.value)\n        assert \"float\" in str(exc_info.value)\n\n    def test_sum_with_list_as_first_parameter(self) -> None:\n        \"\"\"Test sum_numbers raises TypeError when first parameter is list.\"\"\"\n        with pytest.raises(TypeError) as exc_info:\n            sum_numbers([5], 3)  # type: ignore\n        assert \"Parameter a must be an integer\" in str(exc_info.value)\n        assert \"list\" in str(exc_info.value)\n\n    def test_sum_with_dict_as_second_parameter(self) -> None:\n        \"\"\"Test sum_numbers raises TypeError when second parameter is dict.\"\"\"\n        with pytest.raises(TypeError) as exc_info:\n            sum_numbers(5, {\"value\": 3})  # type: ignore\n        assert \"Parameter b must be an integer\" in str(exc_info.value)\n        assert \"dict\" in str(exc_info.value)\n\n    def test_sum_with_tuple_as_first_parameter(self) -> None:\n        \"\"\"Test sum_numbers raises TypeError when first parameter is tuple.\"\"\"\n        with pytest.raises(TypeError) as exc_info:\n            sum_numbers((5,), 3)  # type: ignore\n        assert \"Parameter a must be an integer\" in str(exc_info.value)\n        assert \"tuple\" in str(exc_info.value)",
      "file_type": "test",
      "semantic_unit_id": "SU-001,SU-002,SU-003,SU-004",
      "component_id": "SumNumbersFunction,SumNumbersAdditionLogic,SumNumbersDocumentation,SumNumbersEdgeCaseHandler",
      "description": "Comprehensive unit tests for the sum_numbers function covering basic arithmetic operations, edge cases (None values, type mismatches, boolean rejection), overflow scenarios with large integers, and validation of correct results across positive, negative, and zero values."
    },
    {
      "file_path": "requirements.txt",
      "content": "# Testing\npytest==7.4.3\npytest-cov==4.1.0\n\n# Development Tools\nblack==23.12.0\nflake8==6.1.0\nmypy==1.7.1",
      "file_type": "requirements",
      "semantic_unit_id": null,
      "component_id": null,
      "description": "Python dependencies file specifying pytest for testing and any development tools required for the project."
    },
    {
      "file_path": "README.md",
      "content": "# Sum Numbers Function\n\nA simple Python utility module that provides a function to add two integers together.\n\n## Overview\n\nThe `sum_numbers` function is a basic arithmetic utility that takes two integer parameters and returns their sum. This module demonstrates proper Python practices including type hints, comprehensive documentation, and robust error handling.\n\n## Features\n\n- **Type-safe function signature** with Python 3.12+ type hints\n- **Comprehensive error handling** for None values, type mismatches, and invalid inputs\n- **Complete documentation** with docstrings and usage examples\n- **Edge case handling** including boolean rejection and overflow support\n- **Pure function** with no side effects or external dependencies\n\n## Prerequisites\n\n- Python 3.12 or higher\n- No external dependencies required\n\n## Installation\n\n1. Clone or download the project files\n2. Ensure Python 3.12+ is installed:\n   ```bash\n   python --version\n   ```\n\n## Running the Module\n\n### Interactive Python Shell\n\n```bash\npython3\n>>> from sum_numbers import sum_numbers\n>>> result = sum_numbers(2, 3)\n>>> print(result)\n5\n```\n\n### As a Script\n\nCreate a test script `test_usage.py`:\n\n```python\nfrom sum_numbers import sum_numbers\n\n# Basic usage\nprint(sum_numbers(2, 3))        # Output: 5\nprint(sum_numbers(-2, 3))       # Output: 1\nprint(sum_numbers(-2, -3))      # Output: -5\nprint(sum_numbers(0, 0))        # Output: 0\nprint(sum_numbers(100, 200))    # Output: 300\n```\n\nRun the script:\n\n```bash\npython3 test_usage.py\n```\n\n## API Documentation\n\n### Function Signature\n\n```python\ndef sum_numbers(a: int, b: int) -> int:\n    \"\"\"\n    Add two integers together and return the result.\n    \n    This function takes two integer parameters and returns their arithmetic sum.\n    It includes comprehensive validation to ensure both parameters are valid\n    integers and handles edge cases appropriately.\n    \n    Args:\n        a (int): The first integer to add.\n        b (int): The second integer to add.\n    \n    Returns:\n        int: The sum of a and b.\n    \n    Raises:\n        TypeError: If either parameter is None, not an integer, or is a boolean.\n        ValueError: If an unexpected error occurs during addition.\n    \n    Examples:\n        >>> sum_numbers(2, 3)\n        5\n        \n        >>> sum_numbers(-2, 3)\n        1\n        \n        >>> sum_numbers(-2, -3)\n        -5\n        \n        >>> sum_numbers(0, 0)\n        0\n        \n        >>> sum_numbers(100, 200)\n        300\n    \"\"\"\n```\n\n### Parameters\n\n| Parameter | Type | Description |\n|-----------|------|-------------|\n| `a` | `int` | The first integer to add |\n| `b` | `int` | The second integer to add |\n\n### Return Value\n\n| Type | Description |\n|------|-------------|\n| `int` | The arithmetic sum of parameters `a` and `b` |\n\n### Exceptions\n\n| Exception | Condition |\n|-----------|-----------|\n| `TypeError` | If either parameter is `None` |\n| `TypeError` | If either parameter is not an integer |\n| `TypeError` | If either parameter is a boolean value |\n| `ValueError` | If an unexpected error occurs during computation |\n\n### Usage Examples\n\n#### Basic Addition\n\n```python\nfrom sum_numbers import sum_numbers\n\nresult = sum_numbers(2, 3)\nprint(result)  # Output: 5\n```\n\n#### Negative Numbers\n\n```python\nresult = sum_numbers(-5, 3)\nprint(result)  # Output: -2\n```\n\n#### Zero Values\n\n```python\nresult = sum_numbers(0, 10)\nprint(result)  # Output: 10\n```\n\n#### Large Numbers\n\n```python\nresult = sum_numbers(10**100, 10**100)\nprint(result)  # Output: 2 followed by 100 zeros\n```\n\n#### Error Handling\n\n```python\ntry:\n    sum_numbers(None, 5)\nexcept TypeError as e:\n    print(f\"Error: {e}\")  # Output: Error: Parameter a cannot be None\n\ntry:\n    sum_numbers(\"5\", 3)\nexcept TypeError as e:\n    print(f\"Error: {e}\")  # Output: Error: Parameter a must be an integer, got str\n\ntry:\n    sum_numbers(True, 5)\nexcept TypeError as e:\n    print(f\"Error: {e}\")  # Output: Error: Parameter a must be an integer, got bool\n```\n\n## Running Tests\n\n### Using pytest\n\nInstall pytest if not already installed:\n\n```bash\npip install pytest\n```\n\nRun the test suite:\n\n```bash\npytest tests/ -v\n```\n\nRun tests with coverage report:\n\n```bash\npytest tests/ --cov=. --cov-report=html\n```\n\n### Using unittest\n\nRun tests with Python's built-in unittest:\n\n```bash\npython -m unittest discover tests/ -v\n```\n\n### Test Coverage\n\nThe test suite includes:\n\n- **Happy path tests**: Valid integer inputs with expected results\n- **Edge case tests**: Zero values, negative numbers, large numbers\n- **Error case tests**: None values, type mismatches, boolean inputs\n- **Boundary tests**: Minimum and maximum integer values\n- **Integration tests**: Multiple function calls in sequence\n\nExpected coverage: 80%+ of source code\n\n## Troubleshooting\n\n### ImportError: No module named 'sum_numbers'\n\n**Problem:** Python cannot find the `sum_numbers` module.\n\n**Solution:** Ensure you are running Python from the correct directory where `sum_numbers.py` is located:\n\n```bash\n# Check current directory\nls -la sum_numbers.py\n\n# Run Python from the correct directory\npython3\n>>> from sum_numbers import sum_numbers\n```\n\n### TypeError: Parameter a cannot be None\n\n**Problem:** You passed `None` as one of the parameters.\n\n**Solution:** Ensure both parameters are valid integers:\n\n```python\n# Incorrect\nsum_numbers(None, 5)\n\n# Correct\nsum_numbers(0, 5)\n```\n\n### TypeError: Parameter a must be an integer, got str\n\n**Problem:** You passed a string instead of an integer.\n\n**Solution:** Convert the value to an integer or pass an integer directly:\n\n```python\n# Incorrect\nsum_numbers(\"5\", 3)\n\n# Correct\nsum_numbers(5, 3)\nsum_numbers(int(\"5\"), 3)\n```\n\n### TypeError: Parameter a must be an integer, got bool\n\n**Problem:** You passed a boolean value (True or False) instead of an integer.\n\n**Solution:** Use integer values instead of booleans:\n\n```python\n# Incorrect\nsum_numbers(True, False)\n\n# Correct\nsum_numbers(1, 0)\n```\n\n### Python Version Error\n\n**Problem:** `SyntaxError` or type hint errors when running the module.\n\n**Solution:** Ensure you are using Python 3.12 or higher:\n\n```bash\npython3 --version\n# Should output: Python 3.12.x or higher\n\n# If not, install Python 3.12+\n# On macOS with Homebrew:\nbrew install python@3.12\n\n# On Ubuntu/Debian:\nsudo apt-get install python3.12\n\n# On Windows:\n# Download from https://www.python.org/downloads/\n```\n\n### Module Not Executing\n\n**Problem:** Running `python sum_numbers.py` produces no output.\n\n**Solution:** The module is designed to be imported, not executed directly. Use it in another script or the Python interactive shell:\n\n```bash\n# Correct usage\npython3\n>>> from sum_numbers import sum_numbers\n>>> print(sum_numbers(2, 3))\n5\n\n# Or create a test script\ncat > test.py << 'EOF'\nfrom sum_numbers import sum_numbers\nprint(sum_numbers(2, 3))\nEOF\npython3 test.py\n```\n\n## Performance Characteristics\n\n- **Time Complexity:** O(1) - constant time operation\n- **Space Complexity:** O(1) - constant space usage\n- **Execution Speed:** Microseconds for typical integer values\n- **Scalability:** Handles arbitrary precision integers (Python 3 feature)\n\n## Design Notes\n\n### Architecture\n\nThe `sum_numbers` function is implemented as a pure function with four integrated layers:",
      "file_type": "documentation",
      "semantic_unit_id": "SU-001,SU-002,SU-003,SU-004",
      "component_id": null,
      "description": "Project documentation including overview of the sum_numbers function, setup instructions, how to run tests, API documentation with function signature and examples, and troubleshooting guide."
    },
    {
      "file_path": ".env.example",
      "content": "# Environment Variables Configuration Template\n# Copy this file to .env and fill in the actual values for your environment\n\n# Application Settings\nAPP_NAME=sum_numbers_app\nAPP_VERSION=1.0.0\nDEBUG=False",
      "file_type": "config",
      "semantic_unit_id": null,
      "component_id": null,
      "description": "Environment variables template file for project configuration (placeholder for future extensibility)."
    },
    {
      "file_path": "pytest.ini",
      "content": "[tool:pytest]\n# Test discovery patterns\npython_files = test_*.py *_test.py\npython_classes = Test*\npython_functions = test_*\n\n# Output options\naddopts = \n    -v\n    --strict-markers\n    --tb=short\n    --disable-warnings\n\n# Test paths\ntestpaths = tests\n\n# Minimum Python version\nminversion = 7.0\n\n# Markers for organizing tests\nmarkers =\n    unit: Unit tests for individual functions and components\n    integration: Integration tests for API endpoints and database operations\n    edge_case: Tests for edge cases and boundary conditions\n    error_case: Tests for error handling and exception scenarios\n    slow: Tests that take longer to execute\n\n# Coverage options\n[coverage:run]\nsource = .\nomit = \n    */tests/*\n    */test_*.py\n    */__pycache__/*\n    */venv/*\n    */env/*\n\n[coverage:report]\nexclude_lines =\n    pragma: no cover\n    def __repr__\n    raise AssertionError\n    raise NotImplementedError\n    if __name__ == .__main__.:\n    if TYPE_CHECKING:\n    @abstractmethod\n    @abc.abstractmethod\n\n# Logging configuration\nlog_cli = false\nlog_cli_level = INFO\nlog_cli_format = %(asctime)s [%(levelname)8s] %(message)s\nlog_cli_date_format = %Y-%m-%d %H:%M:%S\n\nlog_file = tests.log\nlog_file_level = DEBUG\nlog_file_format = %(asctime)s [%(levelname)8s] %(name)s - %(message)s\nlog_file_date_format = %Y-%m-%d %H:%M:%S\n\n# Timeout for tests (in seconds)\ntimeout = 300\n\n# Doctest options\ndoctest_optionflags = NORMALIZE_WHITESPACE ELLIPSIS",
      "file_type": "config",
      "semantic_unit_id": null,
      "component_id": null,
      "description": "Pytest configuration file specifying test discovery patterns, output format, and test execution settings."
    },
    {
      "file_path": ".pylintrc",
      "content": "[tool:pylint]\n\n# Pylint configuration file for PEP 8 compliance and code quality standards\n# This configuration enforces consistent code style and quality across the project\n\n[MASTER]\n\n# Add files or directories to the blacklist. They should be base names, not\n# paths.\nignore=CVS\n\n# Add files or directories matching the regex patterns to the blacklist. The\n# regex matches against base names, not paths.\nignore-patterns=test_.*?\\.py\n\n# Python code to execute, usually for sys.path manipulation such as\n# pygtk.require().\n#init-hook=\n\n# Use multiple processes to speed up Pylint. Specifying 0 will auto-detect the\n# number of processors available to use.\njobs=1\n\n# Control the amount of potential inferred values when inferring a single\n# object. This can help the performance when dealing with large functions or\n# complex, nested conditions.\nlimit-inference-results=100\n\n# List of plugins (as comma separated). Plugins are modules names not files\n# names.\nload-plugins=\n\n# Minimum Python version to target. Used for version dependent checks and\n# features activation, by default it will attempt to guess a default value\n# based on the version of Python used to run pylint.\npy-version=3.12\n\n# When enabled, pylint would attempt to guess common misconfiguration and emit\n# user-friendly hints instead of false-positive error messages.\nsuggestion-mode=yes\n\n# Allow optimization of some checking when you estimate you won't change the\n# code. This feature is experimental, and disabled by default.\nunsafe-load-any-extension=no\n\n[MESSAGES CONTROL]\n\n# Only show warnings with the listed confidence levels. Leave empty to show\n# all. Valid levels: HIGH, INFERENCE, INFERENCE_FAILURE, UNDEFINED.\nconfidence=\n\n# Disable the message, report, category or checker with the given id(s). You\n# can either give multiple identifiers separated by comma (,) or put this\n# option multiple times (only on the command line, not in the configuration\n# file where it should appear only once). You can also use \"--disable=all\" to\n# disable everything first and then reenable specific checks. For example, if\n# you want to run only the similarities checker, you can use \"--disable=all\n# --enable=similarities\". If you want to run only the classes checker, but have\n# no Warning level messages displayed, use \"--disable=all --enable=classes\n# --disable=W\".\ndisable=\n    raw-checker-failed,\n    bad-inline-option-value,\n    locally-disabled,\n    file-ignored,\n    suppressed-message,\n    useless-suppression,\n    deprecated-pragma,\n    use-symbolic-message,\n    missing-module-docstring,\n\n[REPORTS]\n\n# Python expression which should return a note less than 10 (10 is the highest\n# note). You have access to the variables errors warning, statement which\n# respectively contain the number of errors / warnings messages and the total\n# number of statements analyzed. This is used by the global evaluation report\n# (RP0004).\nevaluation=max(0, 0 if fatal else 10.0 - ((float(5 * error + warning + refactor + convention) / statement) * 10))\n\n# Set the output format. Available formats are text, parseable, colorized, json\n# and msvs (visual studio). You can also give a reporter class e.g. mypackagemy.reporter.CustomReporter which\n# will be used to write the message to stdout (thus the option\n# of syspath must be enabled. reporters defined in pylint.reporters\n# will be used from now on.\noutput-format=text\n\n# Tells whether to display a full report or only the messages.\nreports=no\n\n# Tells whether to display a full report or only the messages.\nscore=yes\n\n[REFACTORING]\n\n# Maximum number of nested blocks for function / method body\nmax-nested-blocks=5\n\n# Complete name of functions that never returns. When checking for\n# inconsistent-return-statements if a never returning function is called then\n# it will be considered as an explicit return statement and no message will be\n# printed.\nnever-returning-functions=sys.exit,argparse.parse_error\n\n[LOGGING]\n\n# The type of string formatting that logging methods do. `old` for %\n# formatting, `new` for {} formatting and `fstring` for f-strings.\nlogging-format-style=old\n\n# Format template used to check logging format string.\nlogging-modules=logging\n\n[VARIABLES]\n\n# List of additional names supposed to be defined in builtins. Remember that\n# you should avoid to define new builtins when possible.\nadditional-builtins=\n\n# Tells whether unused global variables should be treated as a violation.\nallow-global-unused-variables=yes\n\n# List of names allowed to shadow builtins\nallowed-redefined-builtins=\n\n# List of strings which can identify a callback function by name. A callback\n# name must start or end with one of those strings.\ncallbacks=cb_,_cb\n\n# A regular expression matching the name of dummy variables (i.e. expected to\n# not be used).\ndummy-variables-rgx=_+$|(_[a-zA-Z0-9_]*[a-zA-Z0-9]+?$)|^ignored_|^unused_\n\n# Argument names that match this expression will be ignored. Default to name\n# with leading underscore.\nignored-argument-names=_.*|^ignored_|^unused_\n\n# Tells whether we should check for unused import in __init__ files.\ninit-import=no\n\n# List of qualified module names which can have objects that can change during\n# runtime and shouldn't be considered as constants.\nredefining-builtins-modules=six.moves,past.builtins,future.builtins,builtins,io\n\n[FORMAT]\n\n# Expected format of line ending, especially useful when checking scripts as\n# they are prone to have the wrong line ending convention. This represents the\n# line ending type to be considered as expected.\nexpected-line-ending-type=LF\n\n# Regexp for a line that is allowed to be longer than the limit.\nignore-long-lines=^\\s*(# )?<?https?://\\S+>?$\n\n# Number of spaces of indent required inside a hanging or continued line.\nindent-after-paren=4\n\n# String used as indentation unit. This is usually \"    \" (4 spaces) or \"\\t\" (1\n# tab).\nindent-string='    '\n\n# Maximum number of characters on a single line.\nmax-line-length=100\n\n# Maximum number of lines in a module.\nmax-module-lines=1000\n\n# List of optional constructs whose body length doesn't count towards the\n# length of an outer construct's body\nno-space-check=trailing-comma,before-comment\n\n# Number of spaces required before a trailing comment.\nrequired-between-trailing-comment-and-closing-paren=2\n\n# Tells whether we should check for single quoted strings or double quoted\n# strings.\nsingle-line-if-statements=no\n\n[SIMILARITIES]\n\n# Comments are removed from the similarity computation\nignore-comments=yes\n\n# Docstrings are removed from the similarity computation\nignore-docstrings=yes\n\n# Imports are removed from the similarity computation\nignore-imports=yes\n\n# Signatures are removed from the similarity computation\nignore-signatures=yes\n\n# Minimum lines number d a similarity.\nmin-similarity-lines=4\n\n[SPELLING]\n\n# Limits count of emitted suggestions for spelling mistakes.\nmax-spelling-suggestions=4\n\n# Path to a file that contains the private dictionary; one word per line.\nspelling-private-word-list=\n\n# Tells whether to store unknown words to indicated private dictionary in\n# --spelling-private-word-list option instead of raising a message.\nspelling-store-unknown-words=no\n\n[MISCELLANEOUS]\n\n# List of note tags to take in consideration, separated by a comma.\nnotes=FIXME,XXX,TODO\n\n# Regular expression of note tags to take in consideration.\nnotes-rgx=\n\n[TYPECHECK]\n\n# List of decorators that produce context managers, such as\n# contextlib.contextmanager. Add to this list to register other decorators that\n# produce valid context managers.\ncontextmanager-decorators=contextlib.contextmanager\n\n# List of members which are set dynamically and missed by pylint inference\n# system, and so shouldn't trigger false positives when accessed as an attribute\n# of a class. Python regular expressions are accepted.\ngenerate",
      "file_type": "config",
      "semantic_unit_id": null,
      "component_id": null,
      "description": "Pylint configuration file enforcing PEP 8 compliance and code quality standards for the project."
    },
    {
      "file_path": "main.py",
      "content": "\"\"\"\nEntry point module demonstrating usage of the sum_numbers function.\n\nThis module serves as the main entry point and demonstrates how to use the\nsum_numbers function with various example invocations.\n\nAuthor: ASP Code Agent\n\"\"\"\n\nfrom src.sum_numbers import sum_numbers\n\n\ndef main() -> None:\n    \"\"\"\n    Main entry point demonstrating sum_numbers function usage.\n\n    Executes several example invocations of the sum_numbers function\n    with different input values to demonstrate its functionality.\n    \"\"\"\n    print(\"Sum Numbers Function Examples\")\n    print(\"=\" * 40)\n\n    # Example 1: Positive integers\n    result1 = sum_numbers(2, 3)\n    print(f\"sum_numbers(2, 3) = {result1}\")\n\n    # Example 2: Negative integers\n    result2 = sum_numbers(-2, -3)\n    print(f\"sum_numbers(-2, -3) = {result2}\")\n\n    # Example 3: Mixed signs\n    result3 = sum_numbers(-2, 3)\n    print(f\"sum_numbers(-2, 3) = {result3}\")\n\n    # Example 4: Zero values\n    result4 = sum_numbers(0, 0)\n    print(f\"sum_numbers(0, 0) = {result4}\")\n\n    # Example 5: Zero with positive\n    result5 = sum_numbers(0, 5)\n    print(f\"sum_numbers(0, 5) = {result5}\")\n\n    # Example 6: Large integers\n    result6 = sum_numbers(1000000, 2000000)\n    print(f\"sum_numbers(1000000, 2000000) = {result6}\")\n\n    print(\"=\" * 40)\n    print(\"All examples completed successfully!\")\n\n\nif __name__ == \"__main__\":\n    main()",
      "file_type": "source",
      "semantic_unit_id": null,
      "component_id": null,
      "description": "Entry point module demonstrating usage of the sum_numbers function with example invocations."
    }
  ],
  "file_structure": {
    "src": [
      "sum_numbers.py"
    ],
    "tests": [
      "test_sum_numbers.py"
    ],
    ".": [
      "requirements.txt",
      "README.md",
      ".env.example",
      "pytest.ini",
      ".pylintrc",
      "main.py"
    ]
  },
  "implementation_notes": "Generated using multi-stage approach with 8 files. Manifest estimated 398 LOC, actual 719 LOC. Uses 2 external dependencies.",
  "dependencies": [
    "pytest==7.4.3",
    "pylint==3.0.3"
  ],
  "setup_instructions": "1. Install Python 3.12 or higher\\n2. pip install -r requirements.txt\\n3. Run tests: pytest tests/ -v\\n4. Run linting: pylint src/\\n5. Run main example: python main.py",
  "total_lines_of_code": 719,
  "total_files": 8,
  "test_coverage_target": 80.0,
  "semantic_units_implemented": [
    "SU-001,SU-002,SU-003,SU-004"
  ],
  "components_implemented": [
    "SumNumbersFunction,SumNumbersAdditionLogic,SumNumbersDocumentation,SumNumbersEdgeCaseHandler"
  ],
  "agent_version": "1.0.0",
  "generation_timestamp": "2025-11-25T21:41:22.653756"
}